<?xml version="1.0" encoding="UTF-8"?>
<!-- Generated by org.testng.reporters.JUnitXMLReporter -->
<testsuite ignored="2" hostname="LAPTOP-ELCVUVJ6" failures="0" tests="7" name="chromeTest" time="184.413" errors="0" timestamp="2024-03-20T22:22:42 IST">
  <testcase classname="com.prach_project.testcases.TC_women_001" name="verifyWomenProductIsSelecting" time="0.0">
    <skipped/>
  </testcase> <!-- verifyWomenProductIsSelecting -->
  <testcase classname="com.prach_project.testcases.TC_women_001" name="verifyWomenProductIsSelecting" time="0.0">
    <skipped/>
  </testcase> <!-- verifyWomenProductIsSelecting -->
  <testcase classname="com.prach_project.testcases.TC_Login_001" name="loginForFirst4" time="0.0">
    <skipped/>
  </testcase> <!-- loginForFirst4 -->
  <testcase classname="com.prach_project.testcases.TC_Login_001" name="loginForFirst4" time="0.0">
    <skipped/>
  </testcase> <!-- loginForFirst4 -->
  <testcase classname="com.prach_project.testcases.TC_Login_001" name="loginForFirst4" time="0.0">
    <skipped/>
  </testcase> <!-- loginForFirst4 -->
  <testcase classname="com.prach_project.testcases.TC_Login_001" name="loginForFirst4" time="0.0">
    <skipped/>
  </testcase> <!-- loginForFirst4 -->
  <testcase classname="com.prach_project.testcases.TC_Login_001" name="loginForFirst4" time="0.0">
    <skipped/>
  </testcase> <!-- loginForFirst4 -->
  <testcase classname="com.prach_project.testcases.Baseclass" name="@BeforeTest setupapp" time="0.0">
    <ignored/>
  </testcase> <!-- @BeforeTest setupapp -->
  <testcase classname="com.prach_project.testcases.Baseclass" name="@AfterTest teardown" time="0.0">
    <ignored/>
  </testcase> <!-- @AfterTest teardown -->
</testsuite> <!-- chromeTest -->
